<?xml version="1.0" encoding="UTF-8"?>
<!-- Generated by org.testng.reporters.JUnitXMLReporter -->
<testsuite hostname="HMECL003738" ignored="0" name="Default test" tests="3" failures="0" timestamp="24 Jul 2021 18:50:06 GMT" time="85.563" errors="0">
  <testcase name="doLogin" time="50.863" classname="testCases.navigateChapter"/>
  <testcase name="navNextPage" time="23.885" classname="testCases.navigateChapter"/>
  <testcase name="logOut" time="0.3" classname="testCases.navigateChapter"/>
</testsuite> <!-- Default test -->
